[0.324s] Invoking command in '/home/duy/ros2_ws/build/odom_to_tf_ros2': CMAKE_PREFIX_PATH=${CMAKE_PREFIX_PATH}:/home/duy/ros2_ws/install/odom_encoder:/opt/ros/jazzy DEBUGINFOD_URLS=https://debuginfod.ubuntu.com /usr/bin/cmake --build /home/duy/ros2_ws/build/odom_to_tf_ros2 -- -j16 -l16
[0.414s] [100%] Built target odom_to_tf
[0.447s] Invoked command in '/home/duy/ros2_ws/build/odom_to_tf_ros2' returned '0': CMAKE_PREFIX_PATH=${CMAKE_PREFIX_PATH}:/home/duy/ros2_ws/install/odom_encoder:/opt/ros/jazzy DEBUGINFOD_URLS=https://debuginfod.ubuntu.com /usr/bin/cmake --build /home/duy/ros2_ws/build/odom_to_tf_ros2 -- -j16 -l16
[0.448s] Invoking command in '/home/duy/ros2_ws/build/odom_to_tf_ros2': CMAKE_PREFIX_PATH=${CMAKE_PREFIX_PATH}:/home/duy/ros2_ws/install/odom_encoder:/opt/ros/jazzy DEBUGINFOD_URLS=https://debuginfod.ubuntu.com /usr/bin/cmake --install /home/duy/ros2_ws/build/odom_to_tf_ros2
[0.458s] -- Install configuration: ""
[0.458s] -- Up-to-date: /home/duy/ros2_ws/install/odom_to_tf_ros2/lib/odom_to_tf_ros2/odom_to_tf
[0.458s] -- Up-to-date: /home/duy/ros2_ws/install/odom_to_tf_ros2/share/odom_to_tf_ros2/launch
[0.458s] -- Up-to-date: /home/duy/ros2_ws/install/odom_to_tf_ros2/share/odom_to_tf_ros2/launch/odom_to_tf.launch.py
[0.459s] -- Up-to-date: /home/duy/ros2_ws/install/odom_to_tf_ros2/share/odom_to_tf_ros2/config
[0.459s] -- Up-to-date: /home/duy/ros2_ws/install/odom_to_tf_ros2/share/odom_to_tf_ros2/config/odom_to_tf.yaml
[0.459s] -- Up-to-date: /home/duy/ros2_ws/install/odom_to_tf_ros2/share/ament_index/resource_index/package_run_dependencies/odom_to_tf_ros2
[0.459s] -- Up-to-date: /home/duy/ros2_ws/install/odom_to_tf_ros2/share/ament_index/resource_index/parent_prefix_path/odom_to_tf_ros2
[0.459s] -- Up-to-date: /home/duy/ros2_ws/install/odom_to_tf_ros2/share/odom_to_tf_ros2/environment/ament_prefix_path.sh
[0.459s] -- Up-to-date: /home/duy/ros2_ws/install/odom_to_tf_ros2/share/odom_to_tf_ros2/environment/ament_prefix_path.dsv
[0.459s] -- Up-to-date: /home/duy/ros2_ws/install/odom_to_tf_ros2/share/odom_to_tf_ros2/environment/path.sh
[0.459s] -- Up-to-date: /home/duy/ros2_ws/install/odom_to_tf_ros2/share/odom_to_tf_ros2/environment/path.dsv
[0.459s] -- Up-to-date: /home/duy/ros2_ws/install/odom_to_tf_ros2/share/odom_to_tf_ros2/local_setup.bash
[0.459s] -- Up-to-date: /home/duy/ros2_ws/install/odom_to_tf_ros2/share/odom_to_tf_ros2/local_setup.sh
[0.459s] -- Up-to-date: /home/duy/ros2_ws/install/odom_to_tf_ros2/share/odom_to_tf_ros2/local_setup.zsh
[0.459s] -- Up-to-date: /home/duy/ros2_ws/install/odom_to_tf_ros2/share/odom_to_tf_ros2/local_setup.dsv
[0.459s] -- Installing: /home/duy/ros2_ws/install/odom_to_tf_ros2/share/odom_to_tf_ros2/package.dsv
[0.459s] -- Up-to-date: /home/duy/ros2_ws/install/odom_to_tf_ros2/share/ament_index/resource_index/packages/odom_to_tf_ros2
[0.459s] -- Up-to-date: /home/duy/ros2_ws/install/odom_to_tf_ros2/share/odom_to_tf_ros2/cmake/odom_to_tf_ros2Config.cmake
[0.459s] -- Up-to-date: /home/duy/ros2_ws/install/odom_to_tf_ros2/share/odom_to_tf_ros2/cmake/odom_to_tf_ros2Config-version.cmake
[0.459s] -- Up-to-date: /home/duy/ros2_ws/install/odom_to_tf_ros2/share/odom_to_tf_ros2/package.xml
[0.461s] Invoked command in '/home/duy/ros2_ws/build/odom_to_tf_ros2' returned '0': CMAKE_PREFIX_PATH=${CMAKE_PREFIX_PATH}:/home/duy/ros2_ws/install/odom_encoder:/opt/ros/jazzy DEBUGINFOD_URLS=https://debuginfod.ubuntu.com /usr/bin/cmake --install /home/duy/ros2_ws/build/odom_to_tf_ros2
