[1.110s] Invoking command in '/home/duy/ros2_ws/src/odom_encoder': DEBUGINFOD_URLS=https://debuginfod.ubuntu.com PYTHONPATH=/home/duy/ros2_ws/build/odom_encoder/prefix_override:/usr/lib/python3/dist-packages/colcon_core/task/python/colcon_distutils_commands:/home/duy/ros2_ws/install/odom_encoder/lib/python3.12/site-packages:${PYTHONPATH} /usr/bin/python3 -W ignore:setup.py install is deprecated -W ignore:easy_install command is deprecated setup.py egg_info --egg-base ../../build/odom_encoder build --build-base /home/duy/ros2_ws/build/odom_encoder/build install --record /home/duy/ros2_ws/build/odom_encoder/install.log --single-version-externally-managed install_data
[1.359s] running egg_info
[1.359s] creating ../../build/odom_encoder/odom_encoder.egg-info
[1.378s] writing ../../build/odom_encoder/odom_encoder.egg-info/PKG-INFO
[1.378s] writing dependency_links to ../../build/odom_encoder/odom_encoder.egg-info/dependency_links.txt
[1.379s] writing entry points to ../../build/odom_encoder/odom_encoder.egg-info/entry_points.txt
[1.379s] writing requirements to ../../build/odom_encoder/odom_encoder.egg-info/requires.txt
[1.379s] writing top-level names to ../../build/odom_encoder/odom_encoder.egg-info/top_level.txt
[1.379s] writing manifest file '../../build/odom_encoder/odom_encoder.egg-info/SOURCES.txt'
[1.416s] reading manifest file '../../build/odom_encoder/odom_encoder.egg-info/SOURCES.txt'
[1.416s] writing manifest file '../../build/odom_encoder/odom_encoder.egg-info/SOURCES.txt'
[1.416s] running build
[1.417s] running build_py
[1.417s] creating /home/duy/ros2_ws/build/odom_encoder/build
[1.417s] creating /home/duy/ros2_ws/build/odom_encoder/build/lib
[1.417s] creating /home/duy/ros2_ws/build/odom_encoder/build/lib/odom_encoder
[1.417s] copying odom_encoder/fake_vel_node.py -> /home/duy/ros2_ws/build/odom_encoder/build/lib/odom_encoder
[1.417s] copying odom_encoder/odom_node.py -> /home/duy/ros2_ws/build/odom_encoder/build/lib/odom_encoder
[1.417s] copying odom_encoder/fake_imu_node.py -> /home/duy/ros2_ws/build/odom_encoder/build/lib/odom_encoder
[1.418s] copying odom_encoder/__init__.py -> /home/duy/ros2_ws/build/odom_encoder/build/lib/odom_encoder
[1.418s] running install
[1.423s] running install_lib
[1.440s] creating /home/duy/ros2_ws/install/odom_encoder/lib/python3.12/site-packages/odom_encoder
[1.441s] copying /home/duy/ros2_ws/build/odom_encoder/build/lib/odom_encoder/fake_vel_node.py -> /home/duy/ros2_ws/install/odom_encoder/lib/python3.12/site-packages/odom_encoder
[1.441s] copying /home/duy/ros2_ws/build/odom_encoder/build/lib/odom_encoder/odom_node.py -> /home/duy/ros2_ws/install/odom_encoder/lib/python3.12/site-packages/odom_encoder
[1.441s] copying /home/duy/ros2_ws/build/odom_encoder/build/lib/odom_encoder/fake_imu_node.py -> /home/duy/ros2_ws/install/odom_encoder/lib/python3.12/site-packages/odom_encoder
[1.441s] copying /home/duy/ros2_ws/build/odom_encoder/build/lib/odom_encoder/__init__.py -> /home/duy/ros2_ws/install/odom_encoder/lib/python3.12/site-packages/odom_encoder
[1.441s] byte-compiling /home/duy/ros2_ws/install/odom_encoder/lib/python3.12/site-packages/odom_encoder/fake_vel_node.py to fake_vel_node.cpython-312.pyc
[1.442s] byte-compiling /home/duy/ros2_ws/install/odom_encoder/lib/python3.12/site-packages/odom_encoder/odom_node.py to odom_node.cpython-312.pyc
[1.443s] byte-compiling /home/duy/ros2_ws/install/odom_encoder/lib/python3.12/site-packages/odom_encoder/fake_imu_node.py to fake_imu_node.cpython-312.pyc
[1.443s] byte-compiling /home/duy/ros2_ws/install/odom_encoder/lib/python3.12/site-packages/odom_encoder/__init__.py to __init__.cpython-312.pyc
[1.443s] running install_data
[1.443s] creating /home/duy/ros2_ws/install/odom_encoder/share/ament_index
[1.444s] creating /home/duy/ros2_ws/install/odom_encoder/share/ament_index/resource_index
[1.444s] creating /home/duy/ros2_ws/install/odom_encoder/share/ament_index/resource_index/packages
[1.444s] copying resource/odom_encoder -> /home/duy/ros2_ws/install/odom_encoder/share/ament_index/resource_index/packages
[1.444s] copying package.xml -> /home/duy/ros2_ws/install/odom_encoder/share/odom_encoder
[1.444s] running install_egg_info
[1.463s] Copying ../../build/odom_encoder/odom_encoder.egg-info to /home/duy/ros2_ws/install/odom_encoder/lib/python3.12/site-packages/odom_encoder-0.0.0-py3.12.egg-info
[1.463s] running install_scripts
[1.584s] Installing fake_imu_node script to /home/duy/ros2_ws/install/odom_encoder/lib/odom_encoder
[1.584s] Installing fake_vel_node script to /home/duy/ros2_ws/install/odom_encoder/lib/odom_encoder
[1.584s] Installing imu_node script to /home/duy/ros2_ws/install/odom_encoder/lib/odom_encoder
[1.584s] Installing odom_node script to /home/duy/ros2_ws/install/odom_encoder/lib/odom_encoder
[1.584s] writing list of installed files to '/home/duy/ros2_ws/build/odom_encoder/install.log'
[1.618s] Invoked command in '/home/duy/ros2_ws/src/odom_encoder' returned '0': DEBUGINFOD_URLS=https://debuginfod.ubuntu.com PYTHONPATH=/home/duy/ros2_ws/build/odom_encoder/prefix_override:/usr/lib/python3/dist-packages/colcon_core/task/python/colcon_distutils_commands:/home/duy/ros2_ws/install/odom_encoder/lib/python3.12/site-packages:${PYTHONPATH} /usr/bin/python3 -W ignore:setup.py install is deprecated -W ignore:easy_install command is deprecated setup.py egg_info --egg-base ../../build/odom_encoder build --build-base /home/duy/ros2_ws/build/odom_encoder/build install --record /home/duy/ros2_ws/build/odom_encoder/install.log --single-version-externally-managed install_data
