[100%] Built target odom_to_tf
-- Install configuration: ""
-- Up-to-date: /home/duy/ros2_ws/install/odom_to_tf_ros2/lib/odom_to_tf_ros2/odom_to_tf
-- Up-to-date: /home/duy/ros2_ws/install/odom_to_tf_ros2/share/odom_to_tf_ros2/launch
-- Up-to-date: /home/duy/ros2_ws/install/odom_to_tf_ros2/share/odom_to_tf_ros2/launch/odom_to_tf.launch.py
-- Up-to-date: /home/duy/ros2_ws/install/odom_to_tf_ros2/share/odom_to_tf_ros2/config
-- Up-to-date: /home/duy/ros2_ws/install/odom_to_tf_ros2/share/odom_to_tf_ros2/config/odom_to_tf.yaml
-- Up-to-date: /home/duy/ros2_ws/install/odom_to_tf_ros2/share/ament_index/resource_index/package_run_dependencies/odom_to_tf_ros2
-- Up-to-date: /home/duy/ros2_ws/install/odom_to_tf_ros2/share/ament_index/resource_index/parent_prefix_path/odom_to_tf_ros2
-- Up-to-date: /home/duy/ros2_ws/install/odom_to_tf_ros2/share/odom_to_tf_ros2/environment/ament_prefix_path.sh
-- Up-to-date: /home/duy/ros2_ws/install/odom_to_tf_ros2/share/odom_to_tf_ros2/environment/ament_prefix_path.dsv
-- Up-to-date: /home/duy/ros2_ws/install/odom_to_tf_ros2/share/odom_to_tf_ros2/environment/path.sh
-- Up-to-date: /home/duy/ros2_ws/install/odom_to_tf_ros2/share/odom_to_tf_ros2/environment/path.dsv
-- Up-to-date: /home/duy/ros2_ws/install/odom_to_tf_ros2/share/odom_to_tf_ros2/local_setup.bash
-- Up-to-date: /home/duy/ros2_ws/install/odom_to_tf_ros2/share/odom_to_tf_ros2/local_setup.sh
-- Up-to-date: /home/duy/ros2_ws/install/odom_to_tf_ros2/share/odom_to_tf_ros2/local_setup.zsh
-- Up-to-date: /home/duy/ros2_ws/install/odom_to_tf_ros2/share/odom_to_tf_ros2/local_setup.dsv
-- Installing: /home/duy/ros2_ws/install/odom_to_tf_ros2/share/odom_to_tf_ros2/package.dsv
-- Up-to-date: /home/duy/ros2_ws/install/odom_to_tf_ros2/share/ament_index/resource_index/packages/odom_to_tf_ros2
-- Up-to-date: /home/duy/ros2_ws/install/odom_to_tf_ros2/share/odom_to_tf_ros2/cmake/odom_to_tf_ros2Config.cmake
-- Up-to-date: /home/duy/ros2_ws/install/odom_to_tf_ros2/share/odom_to_tf_ros2/cmake/odom_to_tf_ros2Config-version.cmake
-- Up-to-date: /home/duy/ros2_ws/install/odom_to_tf_ros2/share/odom_to_tf_ros2/package.xml
