[0.037s] Invoking command in '/home/duy/ros2_ws/build/my_robot_navigation': CMAKE_PREFIX_PATH=${CMAKE_PREFIX_PATH}:/home/duy/ros2_ws/install/odom_encoder:/opt/ros/jazzy DEBUGINFOD_URLS=https://debuginfod.ubuntu.com /usr/bin/cmake --build /home/duy/ros2_ws/build/my_robot_navigation -- -j16 -l16
[0.332s] Invoked command in '/home/duy/ros2_ws/build/my_robot_navigation' returned '0': CMAKE_PREFIX_PATH=${CMAKE_PREFIX_PATH}:/home/duy/ros2_ws/install/odom_encoder:/opt/ros/jazzy DEBUGINFOD_URLS=https://debuginfod.ubuntu.com /usr/bin/cmake --build /home/duy/ros2_ws/build/my_robot_navigation -- -j16 -l16
[0.333s] Invoking command in '/home/duy/ros2_ws/build/my_robot_navigation': CMAKE_PREFIX_PATH=${CMAKE_PREFIX_PATH}:/home/duy/ros2_ws/install/odom_encoder:/opt/ros/jazzy DEBUGINFOD_URLS=https://debuginfod.ubuntu.com /usr/bin/cmake --install /home/duy/ros2_ws/build/my_robot_navigation
[0.356s] -- Install configuration: ""
[0.356s] -- Up-to-date: /home/duy/ros2_ws/install/my_robot_navigation/share/ament_index/resource_index/package_run_dependencies/my_robot_navigation
[0.356s] -- Up-to-date: /home/duy/ros2_ws/install/my_robot_navigation/share/ament_index/resource_index/parent_prefix_path/my_robot_navigation
[0.356s] -- Up-to-date: /home/duy/ros2_ws/install/my_robot_navigation/share/my_robot_navigation/environment/ament_prefix_path.sh
[0.356s] -- Up-to-date: /home/duy/ros2_ws/install/my_robot_navigation/share/my_robot_navigation/environment/ament_prefix_path.dsv
[0.356s] -- Up-to-date: /home/duy/ros2_ws/install/my_robot_navigation/share/my_robot_navigation/environment/path.sh
[0.356s] -- Up-to-date: /home/duy/ros2_ws/install/my_robot_navigation/share/my_robot_navigation/environment/path.dsv
[0.357s] -- Up-to-date: /home/duy/ros2_ws/install/my_robot_navigation/share/my_robot_navigation/local_setup.bash
[0.357s] -- Up-to-date: /home/duy/ros2_ws/install/my_robot_navigation/share/my_robot_navigation/local_setup.sh
[0.357s] -- Up-to-date: /home/duy/ros2_ws/install/my_robot_navigation/share/my_robot_navigation/local_setup.zsh
[0.357s] -- Up-to-date: /home/duy/ros2_ws/install/my_robot_navigation/share/my_robot_navigation/local_setup.dsv
[0.357s] -- Installing: /home/duy/ros2_ws/install/my_robot_navigation/share/my_robot_navigation/package.dsv
[0.357s] -- Up-to-date: /home/duy/ros2_ws/install/my_robot_navigation/share/ament_index/resource_index/packages/my_robot_navigation
[0.357s] -- Up-to-date: /home/duy/ros2_ws/install/my_robot_navigation/share/my_robot_navigation/cmake/my_robot_navigationConfig.cmake
[0.357s] -- Up-to-date: /home/duy/ros2_ws/install/my_robot_navigation/share/my_robot_navigation/cmake/my_robot_navigationConfig-version.cmake
[0.357s] -- Up-to-date: /home/duy/ros2_ws/install/my_robot_navigation/share/my_robot_navigation/package.xml
[0.426s] Invoked command in '/home/duy/ros2_ws/build/my_robot_navigation' returned '0': CMAKE_PREFIX_PATH=${CMAKE_PREFIX_PATH}:/home/duy/ros2_ws/install/odom_encoder:/opt/ros/jazzy DEBUGINFOD_URLS=https://debuginfod.ubuntu.com /usr/bin/cmake --install /home/duy/ros2_ws/build/my_robot_navigation
