[1.099s] Invoking command in '/home/duy/ros2_ws/src/odom_encoder': DEBUGINFOD_URLS=https://debuginfod.ubuntu.com PYTHONPATH=/home/duy/ros2_ws/build/odom_encoder/prefix_override:/usr/lib/python3/dist-packages/colcon_core/task/python/colcon_distutils_commands:/home/duy/ros2_ws/install/odom_encoder/lib/python3.12/site-packages:${PYTHONPATH} /usr/bin/python3 -W ignore:setup.py install is deprecated -W ignore:easy_install command is deprecated setup.py egg_info --egg-base ../../build/odom_encoder build --build-base /home/duy/ros2_ws/build/odom_encoder/build install --record /home/duy/ros2_ws/build/odom_encoder/install.log --single-version-externally-managed install_data
[1.308s] running egg_info
[1.323s] writing ../../build/odom_encoder/odom_encoder.egg-info/PKG-INFO
[1.323s] writing dependency_links to ../../build/odom_encoder/odom_encoder.egg-info/dependency_links.txt
[1.323s] writing entry points to ../../build/odom_encoder/odom_encoder.egg-info/entry_points.txt
[1.324s] writing requirements to ../../build/odom_encoder/odom_encoder.egg-info/requires.txt
[1.324s] writing top-level names to ../../build/odom_encoder/odom_encoder.egg-info/top_level.txt
[1.355s] reading manifest file '../../build/odom_encoder/odom_encoder.egg-info/SOURCES.txt'
[1.356s] writing manifest file '../../build/odom_encoder/odom_encoder.egg-info/SOURCES.txt'
[1.356s] running build
[1.356s] running build_py
[1.356s] running install
[1.361s] running install_lib
[1.378s] running install_data
[1.378s] running install_egg_info
[1.394s] removing '/home/duy/ros2_ws/install/odom_encoder/lib/python3.12/site-packages/odom_encoder-0.0.0-py3.12.egg-info' (and everything under it)
[1.394s] Copying ../../build/odom_encoder/odom_encoder.egg-info to /home/duy/ros2_ws/install/odom_encoder/lib/python3.12/site-packages/odom_encoder-0.0.0-py3.12.egg-info
[1.395s] running install_scripts
[1.506s] Installing fake_imu_node script to /home/duy/ros2_ws/install/odom_encoder/lib/odom_encoder
[1.506s] Installing fake_vel_node script to /home/duy/ros2_ws/install/odom_encoder/lib/odom_encoder
[1.506s] Installing imu_node script to /home/duy/ros2_ws/install/odom_encoder/lib/odom_encoder
[1.506s] Installing odom_node script to /home/duy/ros2_ws/install/odom_encoder/lib/odom_encoder
[1.507s] writing list of installed files to '/home/duy/ros2_ws/build/odom_encoder/install.log'
[1.536s] Invoked command in '/home/duy/ros2_ws/src/odom_encoder' returned '0': DEBUGINFOD_URLS=https://debuginfod.ubuntu.com PYTHONPATH=/home/duy/ros2_ws/build/odom_encoder/prefix_override:/usr/lib/python3/dist-packages/colcon_core/task/python/colcon_distutils_commands:/home/duy/ros2_ws/install/odom_encoder/lib/python3.12/site-packages:${PYTHONPATH} /usr/bin/python3 -W ignore:setup.py install is deprecated -W ignore:easy_install command is deprecated setup.py egg_info --egg-base ../../build/odom_encoder build --build-base /home/duy/ros2_ws/build/odom_encoder/build install --record /home/duy/ros2_ws/build/odom_encoder/install.log --single-version-externally-managed install_data
