running egg_info
writing ../../build/odom_encoder/odom_encoder.egg-info/PKG-INFO
writing dependency_links to ../../build/odom_encoder/odom_encoder.egg-info/dependency_links.txt
writing entry points to ../../build/odom_encoder/odom_encoder.egg-info/entry_points.txt
writing requirements to ../../build/odom_encoder/odom_encoder.egg-info/requires.txt
writing top-level names to ../../build/odom_encoder/odom_encoder.egg-info/top_level.txt
reading manifest file '../../build/odom_encoder/odom_encoder.egg-info/SOURCES.txt'
writing manifest file '../../build/odom_encoder/odom_encoder.egg-info/SOURCES.txt'
running build
running build_py
running install
running install_lib
running install_data
running install_egg_info
removing '/home/duy/ros2_ws/install/odom_encoder/lib/python3.12/site-packages/odom_encoder-0.0.0-py3.12.egg-info' (and everything under it)
Copying ../../build/odom_encoder/odom_encoder.egg-info to /home/duy/ros2_ws/install/odom_encoder/lib/python3.12/site-packages/odom_encoder-0.0.0-py3.12.egg-info
running install_scripts
Installing fake_imu_node script to /home/duy/ros2_ws/install/odom_encoder/lib/odom_encoder
Installing fake_vel_node script to /home/duy/ros2_ws/install/odom_encoder/lib/odom_encoder
Installing imu_node script to /home/duy/ros2_ws/install/odom_encoder/lib/odom_encoder
Installing odom_node script to /home/duy/ros2_ws/install/odom_encoder/lib/odom_encoder
writing list of installed files to '/home/duy/ros2_ws/build/odom_encoder/install.log'
