[0.030s] Invoking command in '/home/duy/ros2_ws/build/my_robot_model': CMAKE_PREFIX_PATH=${CMAKE_PREFIX_PATH}:/home/duy/ros2_ws/install/odom_encoder:/opt/ros/jazzy DEBUGINFOD_URLS=https://debuginfod.ubuntu.com /usr/bin/cmake /home/duy/ros2_ws/src/my_robot_model -DCMAKE_INSTALL_PREFIX=/home/duy/ros2_ws/install/my_robot_model
[0.330s] -- The C compiler identification is GNU 13.3.0
[0.330s] -- The CXX compiler identification is GNU 13.3.0
[0.330s] -- Detecting C compiler ABI info
[0.356s] -- Detecting C compiler ABI info - done
[0.367s] -- Check for working C compiler: /usr/bin/cc - skipped
[0.367s] -- Detecting C compile features
[0.368s] -- Detecting C compile features - done
[0.378s] -- Detecting CXX compiler ABI info
[0.495s] -- Detecting CXX compiler ABI info - done
[0.503s] -- Check for working CXX compiler: /usr/bin/c++ - skipped
[0.503s] -- Detecting CXX compile features
[0.503s] -- Detecting CXX compile features - done
[0.520s] -- Found ament_cmake: 2.5.4 (/opt/ros/jazzy/share/ament_cmake/cmake)
[0.709s] -- Found Python3: /usr/bin/python3 (found version "3.12.3") found components: Interpreter 
[0.949s] -- Configuring done (0.9s)
[0.952s] -- Generating done (0.0s)
[0.953s] -- Build files have been written to: /home/duy/ros2_ws/build/my_robot_model
[0.958s] Invoked command in '/home/duy/ros2_ws/build/my_robot_model' returned '0': CMAKE_PREFIX_PATH=${CMAKE_PREFIX_PATH}:/home/duy/ros2_ws/install/odom_encoder:/opt/ros/jazzy DEBUGINFOD_URLS=https://debuginfod.ubuntu.com /usr/bin/cmake /home/duy/ros2_ws/src/my_robot_model -DCMAKE_INSTALL_PREFIX=/home/duy/ros2_ws/install/my_robot_model
[0.960s] Invoking command in '/home/duy/ros2_ws/build/my_robot_model': CMAKE_PREFIX_PATH=${CMAKE_PREFIX_PATH}:/home/duy/ros2_ws/install/odom_encoder:/opt/ros/jazzy DEBUGINFOD_URLS=https://debuginfod.ubuntu.com /usr/bin/cmake --build /home/duy/ros2_ws/build/my_robot_model -- -j16 -l16
[1.004s] Invoked command in '/home/duy/ros2_ws/build/my_robot_model' returned '0': CMAKE_PREFIX_PATH=${CMAKE_PREFIX_PATH}:/home/duy/ros2_ws/install/odom_encoder:/opt/ros/jazzy DEBUGINFOD_URLS=https://debuginfod.ubuntu.com /usr/bin/cmake --build /home/duy/ros2_ws/build/my_robot_model -- -j16 -l16
[1.015s] Invoking command in '/home/duy/ros2_ws/build/my_robot_model': CMAKE_PREFIX_PATH=${CMAKE_PREFIX_PATH}:/home/duy/ros2_ws/install/odom_encoder:/opt/ros/jazzy DEBUGINFOD_URLS=https://debuginfod.ubuntu.com /usr/bin/cmake --install /home/duy/ros2_ws/build/my_robot_model
[1.024s] -- Install configuration: ""
[1.024s] -- Installing: /home/duy/ros2_ws/install/my_robot_model/share/my_robot_model/launch
[1.025s] -- Installing: /home/duy/ros2_ws/install/my_robot_model/share/my_robot_model/launch/test.launch.py
[1.025s] -- Installing: /home/duy/ros2_ws/install/my_robot_model/share/my_robot_model/description
[1.025s] -- Installing: /home/duy/ros2_ws/install/my_robot_model/share/my_robot_model/description/lidar.xacro
[1.025s] -- Installing: /home/duy/ros2_ws/install/my_robot_model/share/my_robot_model/description/depth_camera.xacro
[1.026s] -- Installing: /home/duy/ros2_ws/install/my_robot_model/share/my_robot_model/description/robot.urdf.xacro
[1.026s] -- Installing: /home/duy/ros2_ws/install/my_robot_model/share/my_robot_model/description/imu.xacro
[1.026s] -- Installing: /home/duy/ros2_ws/install/my_robot_model/share/my_robot_model/description/robot_core.xacro
[1.026s] -- Installing: /home/duy/ros2_ws/install/my_robot_model/share/my_robot_model/description/camera.xacro
[1.026s] -- Installing: /home/duy/ros2_ws/install/my_robot_model/share/my_robot_model/description/robot_control.xacro
[1.027s] -- Installing: /home/duy/ros2_ws/install/my_robot_model/share/my_robot_model/description/inertial_macros.xacro
[1.027s] -- Installing: /home/duy/ros2_ws/install/my_robot_model/share/my_robot_model/config
[1.027s] -- Installing: /home/duy/ros2_ws/install/my_robot_model/share/my_robot_model/config/bridge_config.yaml
[1.027s] -- Installing: /home/duy/ros2_ws/install/my_robot_model/share/my_robot_model/config/mapper_params_online_async.yaml
[1.028s] -- Installing: /home/duy/ros2_ws/install/my_robot_model/share/my_robot_model/config/ekf.yaml
[1.028s] -- Installing: /home/duy/ros2_ws/install/my_robot_model/share/my_robot_model/rviz
[1.028s] -- Installing: /home/duy/ros2_ws/install/my_robot_model/share/my_robot_model/rviz/config.rviz
[1.028s] -- Installing: /home/duy/ros2_ws/install/my_robot_model/share/my_robot_model/worlds
[1.029s] -- Installing: /home/duy/ros2_ws/install/my_robot_model/share/my_robot_model/worlds/my_world.sdf
[1.029s] -- Installing: /home/duy/ros2_ws/install/my_robot_model/lib/my_robot_model/wheel_odom_publisher.py
[1.029s] -- Installing: /home/duy/ros2_ws/install/my_robot_model/share/ament_index/resource_index/package_run_dependencies/my_robot_model
[1.030s] -- Installing: /home/duy/ros2_ws/install/my_robot_model/share/ament_index/resource_index/parent_prefix_path/my_robot_model
[1.030s] -- Installing: /home/duy/ros2_ws/install/my_robot_model/share/my_robot_model/environment/ament_prefix_path.sh
[1.030s] -- Installing: /home/duy/ros2_ws/install/my_robot_model/share/my_robot_model/environment/ament_prefix_path.dsv
[1.030s] -- Installing: /home/duy/ros2_ws/install/my_robot_model/share/my_robot_model/environment/path.sh
[1.030s] -- Installing: /home/duy/ros2_ws/install/my_robot_model/share/my_robot_model/environment/path.dsv
[1.030s] -- Installing: /home/duy/ros2_ws/install/my_robot_model/share/my_robot_model/local_setup.bash
[1.031s] -- Installing: /home/duy/ros2_ws/install/my_robot_model/share/my_robot_model/local_setup.sh
[1.031s] -- Installing: /home/duy/ros2_ws/install/my_robot_model/share/my_robot_model/local_setup.zsh
[1.031s] -- Installing: /home/duy/ros2_ws/install/my_robot_model/share/my_robot_model/local_setup.dsv
[1.031s] -- Installing: /home/duy/ros2_ws/install/my_robot_model/share/my_robot_model/package.dsv
[1.031s] -- Installing: /home/duy/ros2_ws/install/my_robot_model/share/ament_index/resource_index/packages/my_robot_model
[1.031s] -- Installing: /home/duy/ros2_ws/install/my_robot_model/share/my_robot_model/cmake/my_robot_modelConfig.cmake
[1.032s] -- Installing: /home/duy/ros2_ws/install/my_robot_model/share/my_robot_model/cmake/my_robot_modelConfig-version.cmake
[1.032s] -- Installing: /home/duy/ros2_ws/install/my_robot_model/share/my_robot_model/package.xml
[1.034s] Invoked command in '/home/duy/ros2_ws/build/my_robot_model' returned '0': CMAKE_PREFIX_PATH=${CMAKE_PREFIX_PATH}:/home/duy/ros2_ws/install/odom_encoder:/opt/ros/jazzy DEBUGINFOD_URLS=https://debuginfod.ubuntu.com /usr/bin/cmake --install /home/duy/ros2_ws/build/my_robot_model
