/home/duy/ros2_ws/install/odom_encoder/lib/python3.12/site-packages/odom_encoder/fake_vel_node.py
/home/duy/ros2_ws/install/odom_encoder/lib/python3.12/site-packages/odom_encoder/odom_node.py
/home/duy/ros2_ws/install/odom_encoder/lib/python3.12/site-packages/odom_encoder/fake_imu_node.py
/home/duy/ros2_ws/install/odom_encoder/lib/python3.12/site-packages/odom_encoder/__init__.py
/home/duy/ros2_ws/install/odom_encoder/lib/python3.12/site-packages/odom_encoder/__pycache__/fake_vel_node.cpython-312.pyc
/home/duy/ros2_ws/install/odom_encoder/lib/python3.12/site-packages/odom_encoder/__pycache__/odom_node.cpython-312.pyc
/home/duy/ros2_ws/install/odom_encoder/lib/python3.12/site-packages/odom_encoder/__pycache__/fake_imu_node.cpython-312.pyc
/home/duy/ros2_ws/install/odom_encoder/lib/python3.12/site-packages/odom_encoder/__pycache__/__init__.cpython-312.pyc
/home/duy/ros2_ws/install/odom_encoder/share/ament_index/resource_index/packages/odom_encoder
/home/duy/ros2_ws/install/odom_encoder/share/odom_encoder/package.xml
/home/duy/ros2_ws/install/odom_encoder/lib/python3.12/site-packages/odom_encoder-0.0.0-py3.12.egg-info/requires.txt
/home/duy/ros2_ws/install/odom_encoder/lib/python3.12/site-packages/odom_encoder-0.0.0-py3.12.egg-info/PKG-INFO
/home/duy/ros2_ws/install/odom_encoder/lib/python3.12/site-packages/odom_encoder-0.0.0-py3.12.egg-info/top_level.txt
/home/duy/ros2_ws/install/odom_encoder/lib/python3.12/site-packages/odom_encoder-0.0.0-py3.12.egg-info/zip-safe
/home/duy/ros2_ws/install/odom_encoder/lib/python3.12/site-packages/odom_encoder-0.0.0-py3.12.egg-info/SOURCES.txt
/home/duy/ros2_ws/install/odom_encoder/lib/python3.12/site-packages/odom_encoder-0.0.0-py3.12.egg-info/dependency_links.txt
/home/duy/ros2_ws/install/odom_encoder/lib/python3.12/site-packages/odom_encoder-0.0.0-py3.12.egg-info/entry_points.txt
/home/duy/ros2_ws/install/odom_encoder/lib/odom_encoder/fake_imu_node
/home/duy/ros2_ws/install/odom_encoder/lib/odom_encoder/fake_vel_node
/home/duy/ros2_ws/install/odom_encoder/lib/odom_encoder/imu_node
/home/duy/ros2_ws/install/odom_encoder/lib/odom_encoder/odom_node
