-- The C compiler identification is GNU 13.3.0
-- The CXX compiler identification is GNU 13.3.0
-- Detecting C compiler ABI info
-- Detecting C compiler ABI info - done
-- Check for working C compiler: /usr/bin/cc - skipped
-- Detecting C compile features
-- Detecting C compile features - done
-- Detecting CXX compiler ABI info
-- Detecting CXX compiler ABI info - done
-- Check for working CXX compiler: /usr/bin/c++ - skipped
-- Detecting CXX compile features
-- Detecting CXX compile features - done
-- Found ament_cmake: 2.5.4 (/opt/ros/jazzy/share/ament_cmake/cmake)
-- Found Python3: /usr/bin/python3 (found version "3.12.3") found components: Interpreter 
-- Found rclcpp: 28.1.12 (/opt/ros/jazzy/share/rclcpp/cmake)
-- Found rosidl_generator_c: 4.6.6 (/opt/ros/jazzy/share/rosidl_generator_c/cmake)
-- Found rosidl_generator_cpp: 4.6.6 (/opt/ros/jazzy/share/rosidl_generator_cpp/cmake)
-- Using all available rosidl_typesupport_c: rosidl_typesupport_fastrtps_c;rosidl_typesupport_introspection_c
-- Using all available rosidl_typesupport_cpp: rosidl_typesupport_fastrtps_cpp;rosidl_typesupport_introspection_cpp
-- Found rmw_implementation_cmake: 7.3.2 (/opt/ros/jazzy/share/rmw_implementation_cmake/cmake)
-- Found rmw_fastrtps_cpp: 8.4.3 (/opt/ros/jazzy/share/rmw_fastrtps_cpp/cmake)
-- Found OpenSSL: /usr/lib/x86_64-linux-gnu/libcrypto.so (found version "3.0.13")  
-- Found FastRTPS: /opt/ros/jazzy/include (Required is at least version "2.13") 
-- Using RMW implementation 'rmw_fastrtps_cpp' as default
-- Found rclcpp_components: 28.1.12 (/opt/ros/jazzy/share/rclcpp_components/cmake)
-- Found std_msgs: 5.3.6 (/opt/ros/jazzy/share/std_msgs/cmake)
-- Found geometry_msgs: 5.3.6 (/opt/ros/jazzy/share/geometry_msgs/cmake)
-- Found tf2_geometry_msgs: 0.36.14 (/opt/ros/jazzy/share/tf2_geometry_msgs/cmake)
-- Found eigen3_cmake_module: 0.3.0 (/opt/ros/jazzy/share/eigen3_cmake_module/cmake)
-- Found Eigen3: TRUE (found version "3.4.0") 
-- Ensuring Eigen3 include directory is part of orocos-kdl CMake target
-- Found sensor_msgs: 5.3.6 (/opt/ros/jazzy/share/sensor_msgs/cmake)
-- Found ament_cmake_gtest: 2.5.4 (/opt/ros/jazzy/share/ament_cmake_gtest/cmake)
-- Found gtest sources under '/opt/ros/jazzy/src/gtest_vendor': C++ tests using 'Google Test' will be built
-- Performing Test CMAKE_HAVE_LIBC_PTHREAD
-- Performing Test CMAKE_HAVE_LIBC_PTHREAD - Success
-- Found Threads: TRUE  
-- Configuring done (1.8s)
-- Generating done (0.0s)
-- Build files have been written to: /home/duy/ros2_ws/build/imu_filter_madgwick
[ 21%] [32mBuilding CXX object gtest/CMakeFiles/gtest.dir/src/gtest-all.cc.o[0m
[ 21%] [32mBuilding CXX object gtest/CMakeFiles/gtest_main.dir/src/gtest_main.cc.o[0m
[ 21%] [32mBuilding CXX object CMakeFiles/imu_filter_madgwick.dir/src/stateless_orientation.cpp.o[0m
[ 28%] [32mBuilding CXX object CMakeFiles/imu_filter_madgwick.dir/src/imu_filter.cpp.o[0m
[ 35%] [32mBuilding CXX object CMakeFiles/imu_filter_madgwick.dir/src/imu_filter_ros.cpp.o[0m
[ 42%] [32m[1mLinking CXX static library libgtest_main.a[0m
[ 42%] Built target gtest_main
[ 50%] [32m[1mLinking CXX static library libgtest.a[0m
[ 50%] Built target gtest
[ 57%] [32m[1mLinking CXX shared library libimu_filter_madgwick.so[0m
[ 57%] Built target imu_filter_madgwick
[ 78%] [32mBuilding CXX object CMakeFiles/imu_filter_madgwick_node.dir/src/imu_filter_node.cpp.o[0m
[ 78%] [32mBuilding CXX object test/CMakeFiles/stateless_orientation_test.dir/stateless_orientation_test.cpp.o[0m
[ 78%] [32mBuilding CXX object test/CMakeFiles/madgwick_test.dir/madgwick_test.cpp.o[0m
[ 85%] [32m[1mLinking CXX executable madgwick_test[0m
[ 92%] [32m[1mLinking CXX executable stateless_orientation_test[0m
[ 92%] Built target stateless_orientation_test
[ 92%] Built target madgwick_test
[100%] [32m[1mLinking CXX executable imu_filter_madgwick_node[0m
[100%] Built target imu_filter_madgwick_node
-- Install configuration: ""
-- Installing: /home/duy/ros2_ws/install/imu_filter_madgwick/lib/libimu_filter_madgwick.so
-- Set non-toolchain portion of runtime path of "/home/duy/ros2_ws/install/imu_filter_madgwick/lib/libimu_filter_madgwick.so" to ""
-- Installing: /home/duy/ros2_ws/install/imu_filter_madgwick/include
-- Installing: /home/duy/ros2_ws/install/imu_filter_madgwick/include/imu_filter_madgwick
-- Installing: /home/duy/ros2_ws/install/imu_filter_madgwick/include/imu_filter_madgwick/visibility_control.h
-- Installing: /home/duy/ros2_ws/install/imu_filter_madgwick/include/imu_filter_madgwick/world_frame.h
-- Installing: /home/duy/ros2_ws/install/imu_filter_madgwick/include/imu_filter_madgwick/base_node.hpp
-- Installing: /home/duy/ros2_ws/install/imu_filter_madgwick/include/imu_filter_madgwick/stateless_orientation.h
-- Installing: /home/duy/ros2_ws/install/imu_filter_madgwick/include/imu_filter_madgwick/imu_filter_ros.h
-- Installing: /home/duy/ros2_ws/install/imu_filter_madgwick/include/imu_filter_madgwick/imu_filter.h
-- Installing: /home/duy/ros2_ws/install/imu_filter_madgwick/lib/imu_filter_madgwick/imu_filter_madgwick_node
-- Set non-toolchain portion of runtime path of "/home/duy/ros2_ws/install/imu_filter_madgwick/lib/imu_filter_madgwick/imu_filter_madgwick_node" to ""
-- Installing: /home/duy/ros2_ws/install/imu_filter_madgwick/share/imu_filter_madgwick/launch
-- Installing: /home/duy/ros2_ws/install/imu_filter_madgwick/share/imu_filter_madgwick/launch/imu_filter_component.launch.py
-- Installing: /home/duy/ros2_ws/install/imu_filter_madgwick/share/imu_filter_madgwick/launch/imu_filter.launch.py
-- Installing: /home/duy/ros2_ws/install/imu_filter_madgwick/share/imu_filter_madgwick/config
-- Installing: /home/duy/ros2_ws/install/imu_filter_madgwick/share/imu_filter_madgwick/config/imu_filter.yaml
-- Installing: /home/duy/ros2_ws/install/imu_filter_madgwick/share/imu_filter_madgwick/environment/library_path.sh
-- Installing: /home/duy/ros2_ws/install/imu_filter_madgwick/share/imu_filter_madgwick/environment/library_path.dsv
-- Installing: /home/duy/ros2_ws/install/imu_filter_madgwick/share/ament_index/resource_index/package_run_dependencies/imu_filter_madgwick
-- Installing: /home/duy/ros2_ws/install/imu_filter_madgwick/share/ament_index/resource_index/parent_prefix_path/imu_filter_madgwick
-- Installing: /home/duy/ros2_ws/install/imu_filter_madgwick/share/imu_filter_madgwick/environment/ament_prefix_path.sh
-- Installing: /home/duy/ros2_ws/install/imu_filter_madgwick/share/imu_filter_madgwick/environment/ament_prefix_path.dsv
-- Installing: /home/duy/ros2_ws/install/imu_filter_madgwick/share/imu_filter_madgwick/environment/path.sh
-- Installing: /home/duy/ros2_ws/install/imu_filter_madgwick/share/imu_filter_madgwick/environment/path.dsv
-- Installing: /home/duy/ros2_ws/install/imu_filter_madgwick/share/imu_filter_madgwick/local_setup.bash
-- Installing: /home/duy/ros2_ws/install/imu_filter_madgwick/share/imu_filter_madgwick/local_setup.sh
-- Installing: /home/duy/ros2_ws/install/imu_filter_madgwick/share/imu_filter_madgwick/local_setup.zsh
-- Installing: /home/duy/ros2_ws/install/imu_filter_madgwick/share/imu_filter_madgwick/local_setup.dsv
-- Installing: /home/duy/ros2_ws/install/imu_filter_madgwick/share/imu_filter_madgwick/package.dsv
-- Installing: /home/duy/ros2_ws/install/imu_filter_madgwick/share/ament_index/resource_index/packages/imu_filter_madgwick
-- Installing: /home/duy/ros2_ws/install/imu_filter_madgwick/share/ament_index/resource_index/rclcpp_components/imu_filter_madgwick
-- Installing: /home/duy/ros2_ws/install/imu_filter_madgwick/share/imu_filter_madgwick/cmake/export_imu_filter_madgwickExport.cmake
-- Installing: /home/duy/ros2_ws/install/imu_filter_madgwick/share/imu_filter_madgwick/cmake/export_imu_filter_madgwickExport-noconfig.cmake
-- Installing: /home/duy/ros2_ws/install/imu_filter_madgwick/share/imu_filter_madgwick/cmake/ament_cmake_export_include_directories-extras.cmake
-- Installing: /home/duy/ros2_ws/install/imu_filter_madgwick/share/imu_filter_madgwick/cmake/ament_cmake_export_libraries-extras.cmake
-- Installing: /home/duy/ros2_ws/install/imu_filter_madgwick/share/imu_filter_madgwick/cmake/ament_cmake_export_targets-extras.cmake
-- Installing: /home/duy/ros2_ws/install/imu_filter_madgwick/share/imu_filter_madgwick/cmake/imu_filter_madgwickConfig.cmake
-- Installing: /home/duy/ros2_ws/install/imu_filter_madgwick/share/imu_filter_madgwick/cmake/imu_filter_madgwickConfig-version.cmake
-- Installing: /home/duy/ros2_ws/install/imu_filter_madgwick/share/imu_filter_madgwick/package.xml
