[0.035s] Invoking command in '/home/duy/ros2_ws/build/rviz_imu_plugin': CMAKE_PREFIX_PATH=${CMAKE_PREFIX_PATH}:/home/duy/ros2_ws/install/odom_encoder:/opt/ros/jazzy DEBUGINFOD_URLS=https://debuginfod.ubuntu.com /usr/bin/cmake /home/duy/ros2_ws/src/imu_tools/rviz_imu_plugin -DCMAKE_INSTALL_PREFIX=/home/duy/ros2_ws/install/rviz_imu_plugin
[0.338s] -- The C compiler identification is GNU 13.3.0
[0.338s] -- The CXX compiler identification is GNU 13.3.0
[0.338s] -- Detecting C compiler ABI info
[0.364s] -- Detecting C compiler ABI info - done
[0.376s] -- Check for working C compiler: /usr/bin/cc - skipped
[0.376s] -- Detecting C compile features
[0.377s] -- Detecting C compile features - done
[0.386s] -- Detecting CXX compiler ABI info
[0.504s] -- Detecting CXX compiler ABI info - done
[0.517s] -- Check for working CXX compiler: /usr/bin/c++ - skipped
[0.517s] -- Detecting CXX compile features
[0.518s] -- Detecting CXX compile features - done
[0.529s] -- Found ament_cmake: 2.5.4 (/opt/ros/jazzy/share/ament_cmake/cmake)
[0.714s] -- Found Python3: /usr/bin/python3 (found version "3.12.3") found components: Interpreter 
[0.870s] -- Found message_filters: 4.11.8 (/opt/ros/jazzy/share/message_filters/cmake)
[0.939s] -- Found rosidl_generator_c: 4.6.6 (/opt/ros/jazzy/share/rosidl_generator_c/cmake)
[0.958s] -- Found rosidl_generator_cpp: 4.6.6 (/opt/ros/jazzy/share/rosidl_generator_cpp/cmake)
[0.985s] -- Using all available rosidl_typesupport_c: rosidl_typesupport_fastrtps_c;rosidl_typesupport_introspection_c
[1.011s] -- Using all available rosidl_typesupport_cpp: rosidl_typesupport_fastrtps_cpp;rosidl_typesupport_introspection_cpp
[1.118s] -- Found rmw_implementation_cmake: 7.3.2 (/opt/ros/jazzy/share/rmw_implementation_cmake/cmake)
[1.124s] -- Found rmw_fastrtps_cpp: 8.4.3 (/opt/ros/jazzy/share/rmw_fastrtps_cpp/cmake)
[1.238s] -- Found OpenSSL: /usr/lib/x86_64-linux-gnu/libcrypto.so (found version "3.0.13")  
[1.262s] -- Found FastRTPS: /opt/ros/jazzy/include (Required is at least version "2.13") 
[1.288s] -- Using RMW implementation 'rmw_fastrtps_cpp' as default
[1.432s] -- Found rviz_common: 14.1.16 (/opt/ros/jazzy/share/rviz_common/cmake)
[1.479s] -- Setting OGRE_DIR to: '/opt/ros/jazzy/share/rviz_ogre_vendor/cmake/../../../opt/rviz_ogre_vendor/lib/OGRE/cmake'
[1.481s] -- Found OGRE
[1.481s] --   static     : OFF
[1.481s] --   components : MeshLodGenerator;Overlay;Paging;Property;RTShaderSystem;Terrain;Volume
[1.481s] --   plugins    : Plugin_BSPSceneManager;Plugin_OctreeSceneManager;Plugin_PCZSceneManager;Plugin_ParticleFX;RenderSystem_GL;RenderSystem_GL3Plus;Codec_STBI
[1.481s] --   media      : /opt/ros/jazzy/opt/rviz_ogre_vendor/share/OGRE/Media
[1.481s] -- OGRE_LIBRARIES: OgreMeshLodGenerator;OgreOverlay;OgrePaging;OgreProperty;OgreRTShaderSystem;OgreTerrain;OgreVolume;OgreMain
[1.481s] -- OGRE_LIBRARY_DIRS: /opt/ros/jazzy/opt/rviz_ogre_vendor/lib
[1.481s] -- OGRE_PLUGINS: Plugin_BSPSceneManager;Plugin_OctreeSceneManager;Plugin_PCZSceneManager;Plugin_ParticleFX;RenderSystem_GL;RenderSystem_GL3Plus;Codec_STBI
[1.481s] -- OGRE_PLUGIN_DIR: /opt/ros/jazzy/opt/rviz_ogre_vendor/lib/OGRE
[1.481s] -- rviz_ogre_vendor::OgreOverlay for IMPORTED_LOCATION_RELEASE: /opt/ros/jazzy/opt/rviz_ogre_vendor/lib/libOgreOverlay.so
[1.482s] -- rviz_ogre_vendor::OgreOverlay for IMPORTED_LOCATION_DEBUG: /opt/ros/jazzy/opt/rviz_ogre_vendor/lib/libOgreOverlay.so
[1.482s] -- rviz_ogre_vendor::OgreMain for IMPORTED_LOCATION_RELEASE: /opt/ros/jazzy/opt/rviz_ogre_vendor/lib/libOgreMain.so
[1.482s] -- rviz_ogre_vendor::OgreMain for IMPORTED_LOCATION_DEBUG: /opt/ros/jazzy/opt/rviz_ogre_vendor/lib/libOgreMain.so
[1.521s] -- Found ZLIB: /usr/lib/x86_64-linux-gnu/libz.so (found version "1.3")  
[1.535s] -- Found OpenGL: /usr/lib/x86_64-linux-gnu/libOpenGL.so   
[1.746s] -- Found X11: /usr/include   
[1.746s] -- Looking for XOpenDisplay in /usr/lib/x86_64-linux-gnu/libX11.so;/usr/lib/x86_64-linux-gnu/libXext.so
[1.847s] -- Looking for XOpenDisplay in /usr/lib/x86_64-linux-gnu/libX11.so;/usr/lib/x86_64-linux-gnu/libXext.so - found
[1.847s] -- Looking for gethostbyname
[1.940s] -- Looking for gethostbyname - found
[1.940s] -- Looking for connect
[2.046s] -- Looking for connect - found
[2.046s] -- Looking for remove
[2.168s] -- Looking for remove - found
[2.168s] -- Looking for shmat
[2.270s] -- Looking for shmat - found
[2.270s] -- Looking for IceConnectionNumber in ICE
[2.382s] -- Looking for IceConnectionNumber in ICE - found
[2.622s] -- Setting yaml-cpp_DIR to: '/opt/ros/jazzy/share/yaml_cpp_vendor/cmake/../../../opt/yaml_cpp_vendor/share/cmake/yaml-cpp'
[2.761s] -- Configuring done (2.7s)
[2.807s] -- Generating done (0.0s)
[2.816s] -- Build files have been written to: /home/duy/ros2_ws/build/rviz_imu_plugin
[2.840s] Invoked command in '/home/duy/ros2_ws/build/rviz_imu_plugin' returned '0': CMAKE_PREFIX_PATH=${CMAKE_PREFIX_PATH}:/home/duy/ros2_ws/install/odom_encoder:/opt/ros/jazzy DEBUGINFOD_URLS=https://debuginfod.ubuntu.com /usr/bin/cmake /home/duy/ros2_ws/src/imu_tools/rviz_imu_plugin -DCMAKE_INSTALL_PREFIX=/home/duy/ros2_ws/install/rviz_imu_plugin
[2.842s] Invoking command in '/home/duy/ros2_ws/build/rviz_imu_plugin': CMAKE_PREFIX_PATH=${CMAKE_PREFIX_PATH}:/home/duy/ros2_ws/install/odom_encoder:/opt/ros/jazzy DEBUGINFOD_URLS=https://debuginfod.ubuntu.com /usr/bin/cmake --build /home/duy/ros2_ws/build/rviz_imu_plugin -- -j16 -l16
[2.914s] [  0%] Built target rviz_imu_plugin_autogen_timestamp_deps
[2.940s] [ 10%] [34m[1mAutomatic MOC for target rviz_imu_plugin[0m
[3.638s] [ 10%] Built target rviz_imu_plugin_autogen
[3.685s] [ 30%] [32mBuilding CXX object CMakeFiles/rviz_imu_plugin.dir/src/imu_display.cpp.o[0m
[3.685s] [ 30%] [32mBuilding CXX object CMakeFiles/rviz_imu_plugin.dir/rviz_imu_plugin_autogen/mocs_compilation.cpp.o[0m
[3.687s] [ 70%] [32mBuilding CXX object CMakeFiles/rviz_imu_plugin.dir/src/mag_display.cpp.o[0m
[3.687s] [ 70%] [32mBuilding CXX object CMakeFiles/rviz_imu_plugin.dir/src/imu_orientation_visual.cpp.o[0m
[3.688s] [ 70%] [32mBuilding CXX object CMakeFiles/rviz_imu_plugin.dir/src/imu_acc_visual.cpp.o[0m
[3.688s] [ 70%] [32mBuilding CXX object CMakeFiles/rviz_imu_plugin.dir/src/imu_axes_visual.cpp.o[0m
[3.689s] [ 80%] [32mBuilding CXX object CMakeFiles/rviz_imu_plugin.dir/src/mag_visual.cpp.o[0m
[18.557s] [ 90%] [32m[1mLinking CXX shared library librviz_imu_plugin.so[0m
[20.812s] [100%] Built target rviz_imu_plugin
[20.827s] Invoked command in '/home/duy/ros2_ws/build/rviz_imu_plugin' returned '0': CMAKE_PREFIX_PATH=${CMAKE_PREFIX_PATH}:/home/duy/ros2_ws/install/odom_encoder:/opt/ros/jazzy DEBUGINFOD_URLS=https://debuginfod.ubuntu.com /usr/bin/cmake --build /home/duy/ros2_ws/build/rviz_imu_plugin -- -j16 -l16
[20.829s] Invoking command in '/home/duy/ros2_ws/build/rviz_imu_plugin': CMAKE_PREFIX_PATH=${CMAKE_PREFIX_PATH}:/home/duy/ros2_ws/install/odom_encoder:/opt/ros/jazzy DEBUGINFOD_URLS=https://debuginfod.ubuntu.com /usr/bin/cmake --install /home/duy/ros2_ws/build/rviz_imu_plugin
[20.839s] -- Install configuration: ""
[20.839s] -- Installing: /home/duy/ros2_ws/install/rviz_imu_plugin/share/rviz_imu_plugin/plugin_description.xml
[20.839s] -- Installing: /home/duy/ros2_ws/install/rviz_imu_plugin/share/rviz_imu_plugin/environment/library_path.sh
[20.839s] -- Installing: /home/duy/ros2_ws/install/rviz_imu_plugin/share/rviz_imu_plugin/environment/library_path.dsv
[20.840s] -- Installing: /home/duy/ros2_ws/install/rviz_imu_plugin/lib/librviz_imu_plugin.so
[20.849s] -- Set non-toolchain portion of runtime path of "/home/duy/ros2_ws/install/rviz_imu_plugin/lib/librviz_imu_plugin.so" to ""
[20.849s] -- Installing: /home/duy/ros2_ws/install/rviz_imu_plugin/share/ament_index/resource_index/package_run_dependencies/rviz_imu_plugin
[20.849s] -- Installing: /home/duy/ros2_ws/install/rviz_imu_plugin/share/ament_index/resource_index/parent_prefix_path/rviz_imu_plugin
[20.849s] -- Installing: /home/duy/ros2_ws/install/rviz_imu_plugin/share/rviz_imu_plugin/environment/ament_prefix_path.sh
[20.849s] -- Installing: /home/duy/ros2_ws/install/rviz_imu_plugin/share/rviz_imu_plugin/environment/ament_prefix_path.dsv
[20.849s] -- Installing: /home/duy/ros2_ws/install/rviz_imu_plugin/share/rviz_imu_plugin/environment/path.sh
[20.850s] -- Installing: /home/duy/ros2_ws/install/rviz_imu_plugin/share/rviz_imu_plugin/environment/path.dsv
[20.850s] -- Installing: /home/duy/ros2_ws/install/rviz_imu_plugin/share/rviz_imu_plugin/local_setup.bash
[20.850s] -- Installing: /home/duy/ros2_ws/install/rviz_imu_plugin/share/rviz_imu_plugin/local_setup.sh
[20.850s] -- Installing: /home/duy/ros2_ws/install/rviz_imu_plugin/share/rviz_imu_plugin/local_setup.zsh
[20.850s] -- Installing: /home/duy/ros2_ws/install/rviz_imu_plugin/share/rviz_imu_plugin/local_setup.dsv
[20.850s] -- Installing: /home/duy/ros2_ws/install/rviz_imu_plugin/share/rviz_imu_plugin/package.dsv
[20.851s] -- Installing: /home/duy/ros2_ws/install/rviz_imu_plugin/share/ament_index/resource_index/packages/rviz_imu_plugin
[20.851s] -- Installing: /home/duy/ros2_ws/install/rviz_imu_plugin/share/ament_index/resource_index/rviz_common__pluginlib__plugin/rviz_imu_plugin
[20.851s] -- Installing: /home/duy/ros2_ws/install/rviz_imu_plugin/share/rviz_imu_plugin/cmake/ament_cmake_export_include_directories-extras.cmake
[20.851s] -- Installing: /home/duy/ros2_ws/install/rviz_imu_plugin/share/rviz_imu_plugin/cmake/ament_cmake_export_libraries-extras.cmake
[20.852s] -- Installing: /home/duy/ros2_ws/install/rviz_imu_plugin/share/rviz_imu_plugin/cmake/ament_cmake_export_dependencies-extras.cmake
[20.852s] -- Installing: /home/duy/ros2_ws/install/rviz_imu_plugin/share/rviz_imu_plugin/cmake/rviz_imu_pluginConfig.cmake
[20.852s] -- Installing: /home/duy/ros2_ws/install/rviz_imu_plugin/share/rviz_imu_plugin/cmake/rviz_imu_pluginConfig-version.cmake
[20.852s] -- Installing: /home/duy/ros2_ws/install/rviz_imu_plugin/share/rviz_imu_plugin/package.xml
[20.855s] Invoked command in '/home/duy/ros2_ws/build/rviz_imu_plugin' returned '0': CMAKE_PREFIX_PATH=${CMAKE_PREFIX_PATH}:/home/duy/ros2_ws/install/odom_encoder:/opt/ros/jazzy DEBUGINFOD_URLS=https://debuginfod.ubuntu.com /usr/bin/cmake --install /home/duy/ros2_ws/build/rviz_imu_plugin
