-- The C compiler identification is GNU 13.3.0
-- The CXX compiler identification is GNU 13.3.0
-- Detecting C compiler ABI info
-- Detecting C compiler ABI info - done
-- Check for working C compiler: /usr/bin/cc - skipped
-- Detecting C compile features
-- Detecting C compile features - done
-- Detecting CXX compiler ABI info
-- Detecting CXX compiler ABI info - done
-- Check for working CXX compiler: /usr/bin/c++ - skipped
-- Detecting CXX compile features
-- Detecting CXX compile features - done
-- Found ament_cmake: 2.5.4 (/opt/ros/jazzy/share/ament_cmake/cmake)
-- Found Python3: /usr/bin/python3 (found version "3.12.3") found components: Interpreter 
-- Found robot_localization: 3.8.3 (/opt/ros/jazzy/share/robot_localization/cmake)
-- Found rosidl_generator_c: 4.6.6 (/opt/ros/jazzy/share/rosidl_generator_c/cmake)
-- Found rosidl_generator_cpp: 4.6.6 (/opt/ros/jazzy/share/rosidl_generator_cpp/cmake)
-- Using all available rosidl_typesupport_c: rosidl_typesupport_fastrtps_c;rosidl_typesupport_introspection_c
-- Using all available rosidl_typesupport_cpp: rosidl_typesupport_fastrtps_cpp;rosidl_typesupport_introspection_cpp
-- Found ament_lint_auto: 0.17.3 (/opt/ros/jazzy/share/ament_lint_auto/cmake)
-- Added test 'flake8' to check Python code syntax and style conventions
-- Configured 'flake8' exclude dirs and/or files: 
-- Added test 'lint_cmake' to check CMake code style
-- Added test 'pep257' to check Python code against some of the docstring style conventions in PEP 257
-- Added test 'xmllint' to check XML markup files
-- Configuring done (1.3s)
-- Generating done (0.0s)
-- Build files have been written to: /home/duy/ros2_ws/build/my_robot_localization
-- Install configuration: ""
-- Installing: /home/duy/ros2_ws/install/my_robot_localization/share/my_robot_localization/launch
-- Installing: /home/duy/ros2_ws/install/my_robot_localization/share/my_robot_localization/launch/online_sync_myrobot.launch.py
-- Installing: /home/duy/ros2_ws/install/my_robot_localization/share/my_robot_localization/launch/imu_filter.launch.py
-- Installing: /home/duy/ros2_ws/install/my_robot_localization/share/my_robot_localization/launch/ekf.launch.py
-- Installing: /home/duy/ros2_ws/install/my_robot_localization/share/my_robot_localization/config
-- Installing: /home/duy/ros2_ws/install/my_robot_localization/share/my_robot_localization/config/imu_filter.yaml
-- Installing: /home/duy/ros2_ws/install/my_robot_localization/share/my_robot_localization/config/mapper_params_online_sync.yaml
-- Installing: /home/duy/ros2_ws/install/my_robot_localization/share/my_robot_localization/config/ekf.yaml
-- Installing: /home/duy/ros2_ws/install/my_robot_localization/share/ament_index/resource_index/package_run_dependencies/my_robot_localization
-- Installing: /home/duy/ros2_ws/install/my_robot_localization/share/ament_index/resource_index/parent_prefix_path/my_robot_localization
-- Installing: /home/duy/ros2_ws/install/my_robot_localization/share/my_robot_localization/environment/ament_prefix_path.sh
-- Installing: /home/duy/ros2_ws/install/my_robot_localization/share/my_robot_localization/environment/ament_prefix_path.dsv
-- Installing: /home/duy/ros2_ws/install/my_robot_localization/share/my_robot_localization/environment/path.sh
-- Installing: /home/duy/ros2_ws/install/my_robot_localization/share/my_robot_localization/environment/path.dsv
-- Installing: /home/duy/ros2_ws/install/my_robot_localization/share/my_robot_localization/local_setup.bash
-- Installing: /home/duy/ros2_ws/install/my_robot_localization/share/my_robot_localization/local_setup.sh
-- Installing: /home/duy/ros2_ws/install/my_robot_localization/share/my_robot_localization/local_setup.zsh
-- Installing: /home/duy/ros2_ws/install/my_robot_localization/share/my_robot_localization/local_setup.dsv
-- Installing: /home/duy/ros2_ws/install/my_robot_localization/share/my_robot_localization/package.dsv
-- Installing: /home/duy/ros2_ws/install/my_robot_localization/share/ament_index/resource_index/packages/my_robot_localization
-- Installing: /home/duy/ros2_ws/install/my_robot_localization/share/my_robot_localization/cmake/my_robot_localizationConfig.cmake
-- Installing: /home/duy/ros2_ws/install/my_robot_localization/share/my_robot_localization/cmake/my_robot_localizationConfig-version.cmake
-- Installing: /home/duy/ros2_ws/install/my_robot_localization/share/my_robot_localization/package.xml
