[0.032s] Invoking command in '/home/duy/ros2_ws/build/my_robot_localization': CMAKE_PREFIX_PATH=${CMAKE_PREFIX_PATH}:/home/duy/ros2_ws/install/odom_encoder:/opt/ros/jazzy DEBUGINFOD_URLS=https://debuginfod.ubuntu.com /usr/bin/cmake /home/duy/ros2_ws/src/my_robot_localization -DCMAKE_INSTALL_PREFIX=/home/duy/ros2_ws/install/my_robot_localization
[0.334s] -- The C compiler identification is GNU 13.3.0
[0.334s] -- The CXX compiler identification is GNU 13.3.0
[0.334s] -- Detecting C compiler ABI info
[0.360s] -- Detecting C compiler ABI info - done
[0.368s] -- Check for working C compiler: /usr/bin/cc - skipped
[0.368s] -- Detecting C compile features
[0.368s] -- Detecting C compile features - done
[0.378s] -- Detecting CXX compiler ABI info
[0.499s] -- Detecting CXX compiler ABI info - done
[0.507s] -- Check for working CXX compiler: /usr/bin/c++ - skipped
[0.507s] -- Detecting CXX compile features
[0.507s] -- Detecting CXX compile features - done
[0.525s] -- Found ament_cmake: 2.5.4 (/opt/ros/jazzy/share/ament_cmake/cmake)
[0.709s] -- Found Python3: /usr/bin/python3 (found version "3.12.3") found components: Interpreter 
[0.865s] -- Found robot_localization: 3.8.3 (/opt/ros/jazzy/share/robot_localization/cmake)
[0.932s] -- Found rosidl_generator_c: 4.6.6 (/opt/ros/jazzy/share/rosidl_generator_c/cmake)
[0.954s] -- Found rosidl_generator_cpp: 4.6.6 (/opt/ros/jazzy/share/rosidl_generator_cpp/cmake)
[0.980s] -- Using all available rosidl_typesupport_c: rosidl_typesupport_fastrtps_c;rosidl_typesupport_introspection_c
[1.006s] -- Using all available rosidl_typesupport_cpp: rosidl_typesupport_fastrtps_cpp;rosidl_typesupport_introspection_cpp
[1.188s] -- Found ament_lint_auto: 0.17.3 (/opt/ros/jazzy/share/ament_lint_auto/cmake)
[1.313s] -- Added test 'flake8' to check Python code syntax and style conventions
[1.313s] -- Configured 'flake8' exclude dirs and/or files: 
[1.314s] -- Added test 'lint_cmake' to check CMake code style
[1.315s] -- Added test 'pep257' to check Python code against some of the docstring style conventions in PEP 257
[1.317s] -- Added test 'xmllint' to check XML markup files
[1.319s] -- Configuring done (1.3s)
[1.324s] -- Generating done (0.0s)
[1.326s] -- Build files have been written to: /home/duy/ros2_ws/build/my_robot_localization
[1.337s] Invoked command in '/home/duy/ros2_ws/build/my_robot_localization' returned '0': CMAKE_PREFIX_PATH=${CMAKE_PREFIX_PATH}:/home/duy/ros2_ws/install/odom_encoder:/opt/ros/jazzy DEBUGINFOD_URLS=https://debuginfod.ubuntu.com /usr/bin/cmake /home/duy/ros2_ws/src/my_robot_localization -DCMAKE_INSTALL_PREFIX=/home/duy/ros2_ws/install/my_robot_localization
[1.337s] Invoking command in '/home/duy/ros2_ws/build/my_robot_localization': CMAKE_PREFIX_PATH=${CMAKE_PREFIX_PATH}:/home/duy/ros2_ws/install/odom_encoder:/opt/ros/jazzy DEBUGINFOD_URLS=https://debuginfod.ubuntu.com /usr/bin/cmake --build /home/duy/ros2_ws/build/my_robot_localization -- -j16 -l16
[1.382s] Invoked command in '/home/duy/ros2_ws/build/my_robot_localization' returned '0': CMAKE_PREFIX_PATH=${CMAKE_PREFIX_PATH}:/home/duy/ros2_ws/install/odom_encoder:/opt/ros/jazzy DEBUGINFOD_URLS=https://debuginfod.ubuntu.com /usr/bin/cmake --build /home/duy/ros2_ws/build/my_robot_localization -- -j16 -l16
[1.384s] Invoking command in '/home/duy/ros2_ws/build/my_robot_localization': CMAKE_PREFIX_PATH=${CMAKE_PREFIX_PATH}:/home/duy/ros2_ws/install/odom_encoder:/opt/ros/jazzy DEBUGINFOD_URLS=https://debuginfod.ubuntu.com /usr/bin/cmake --install /home/duy/ros2_ws/build/my_robot_localization
[1.392s] -- Install configuration: ""
[1.393s] -- Installing: /home/duy/ros2_ws/install/my_robot_localization/share/my_robot_localization/launch
[1.393s] -- Installing: /home/duy/ros2_ws/install/my_robot_localization/share/my_robot_localization/launch/online_sync_myrobot.launch.py
[1.393s] -- Installing: /home/duy/ros2_ws/install/my_robot_localization/share/my_robot_localization/launch/imu_filter.launch.py
[1.393s] -- Installing: /home/duy/ros2_ws/install/my_robot_localization/share/my_robot_localization/launch/ekf.launch.py
[1.393s] -- Installing: /home/duy/ros2_ws/install/my_robot_localization/share/my_robot_localization/config
[1.394s] -- Installing: /home/duy/ros2_ws/install/my_robot_localization/share/my_robot_localization/config/imu_filter.yaml
[1.394s] -- Installing: /home/duy/ros2_ws/install/my_robot_localization/share/my_robot_localization/config/mapper_params_online_sync.yaml
[1.394s] -- Installing: /home/duy/ros2_ws/install/my_robot_localization/share/my_robot_localization/config/ekf.yaml
[1.394s] -- Installing: /home/duy/ros2_ws/install/my_robot_localization/share/ament_index/resource_index/package_run_dependencies/my_robot_localization
[1.395s] -- Installing: /home/duy/ros2_ws/install/my_robot_localization/share/ament_index/resource_index/parent_prefix_path/my_robot_localization
[1.395s] -- Installing: /home/duy/ros2_ws/install/my_robot_localization/share/my_robot_localization/environment/ament_prefix_path.sh
[1.395s] -- Installing: /home/duy/ros2_ws/install/my_robot_localization/share/my_robot_localization/environment/ament_prefix_path.dsv
[1.395s] -- Installing: /home/duy/ros2_ws/install/my_robot_localization/share/my_robot_localization/environment/path.sh
[1.395s] -- Installing: /home/duy/ros2_ws/install/my_robot_localization/share/my_robot_localization/environment/path.dsv
[1.395s] -- Installing: /home/duy/ros2_ws/install/my_robot_localization/share/my_robot_localization/local_setup.bash
[1.395s] -- Installing: /home/duy/ros2_ws/install/my_robot_localization/share/my_robot_localization/local_setup.sh
[1.396s] -- Installing: /home/duy/ros2_ws/install/my_robot_localization/share/my_robot_localization/local_setup.zsh
[1.396s] -- Installing: /home/duy/ros2_ws/install/my_robot_localization/share/my_robot_localization/local_setup.dsv
[1.396s] -- Installing: /home/duy/ros2_ws/install/my_robot_localization/share/my_robot_localization/package.dsv
[1.396s] -- Installing: /home/duy/ros2_ws/install/my_robot_localization/share/ament_index/resource_index/packages/my_robot_localization
[1.396s] -- Installing: /home/duy/ros2_ws/install/my_robot_localization/share/my_robot_localization/cmake/my_robot_localizationConfig.cmake
[1.396s] -- Installing: /home/duy/ros2_ws/install/my_robot_localization/share/my_robot_localization/cmake/my_robot_localizationConfig-version.cmake
[1.396s] -- Installing: /home/duy/ros2_ws/install/my_robot_localization/share/my_robot_localization/package.xml
[1.399s] Invoked command in '/home/duy/ros2_ws/build/my_robot_localization' returned '0': CMAKE_PREFIX_PATH=${CMAKE_PREFIX_PATH}:/home/duy/ros2_ws/install/odom_encoder:/opt/ros/jazzy DEBUGINFOD_URLS=https://debuginfod.ubuntu.com /usr/bin/cmake --install /home/duy/ros2_ws/build/my_robot_localization
