[0.029s] Invoking command in '/home/duy/ros2_ws/build/my_robot_navigation': CMAKE_PREFIX_PATH=${CMAKE_PREFIX_PATH}:/home/duy/ros2_ws/install/odom_encoder:/opt/ros/jazzy DEBUGINFOD_URLS=https://debuginfod.ubuntu.com /usr/bin/cmake /home/duy/ros2_ws/src/my_robot_navigation -DCMAKE_INSTALL_PREFIX=/home/duy/ros2_ws/install/my_robot_navigation
[0.327s] -- The C compiler identification is GNU 13.3.0
[0.327s] -- The CXX compiler identification is GNU 13.3.0
[0.327s] -- Detecting C compiler ABI info
[0.352s] -- Detecting C compiler ABI info - done
[0.359s] -- Check for working C compiler: /usr/bin/cc - skipped
[0.359s] -- Detecting C compile features
[0.360s] -- Detecting C compile features - done
[0.370s] -- Detecting CXX compiler ABI info
[0.492s] -- Detecting CXX compiler ABI info - done
[0.501s] -- Check for working CXX compiler: /usr/bin/c++ - skipped
[0.502s] -- Detecting CXX compile features
[0.502s] -- Detecting CXX compile features - done
[0.517s] -- Found ament_cmake: 2.5.4 (/opt/ros/jazzy/share/ament_cmake/cmake)
[0.701s] -- Found Python3: /usr/bin/python3 (found version "3.12.3") found components: Interpreter 
[0.857s] -- Found navigation2: 1.3.9 (/opt/ros/jazzy/share/navigation2/cmake)
[0.861s] -- Found nav2_bringup: 1.3.9 (/opt/ros/jazzy/share/nav2_bringup/cmake)
[0.865s] -- Found slam_toolbox: 2.8.3 (/opt/ros/jazzy/share/slam_toolbox/cmake)
[0.925s] -- Found rosidl_generator_c: 4.6.6 (/opt/ros/jazzy/share/rosidl_generator_c/cmake)
[0.946s] -- Found rosidl_generator_cpp: 4.6.6 (/opt/ros/jazzy/share/rosidl_generator_cpp/cmake)
[0.973s] -- Using all available rosidl_typesupport_c: rosidl_typesupport_fastrtps_c;rosidl_typesupport_introspection_c
[0.999s] -- Using all available rosidl_typesupport_cpp: rosidl_typesupport_fastrtps_cpp;rosidl_typesupport_introspection_cpp
[1.264s] -- Found rmw_implementation_cmake: 7.3.2 (/opt/ros/jazzy/share/rmw_implementation_cmake/cmake)
[1.269s] -- Found rmw_fastrtps_cpp: 8.4.3 (/opt/ros/jazzy/share/rmw_fastrtps_cpp/cmake)
[1.373s] -- Found OpenSSL: /usr/lib/x86_64-linux-gnu/libcrypto.so (found version "3.0.13")  
[1.396s] -- Found FastRTPS: /opt/ros/jazzy/include (Required is at least version "2.13") 
[1.424s] -- Using RMW implementation 'rmw_fastrtps_cpp' as default
[1.689s] -- Found eigen3_cmake_module: 0.3.0 (/opt/ros/jazzy/share/eigen3_cmake_module/cmake)
[1.690s] -- Found Eigen3: TRUE (found version "3.4.0") 
[1.690s] -- Ensuring Eigen3 include directory is part of orocos-kdl CMake target
[1.842s] -- Setting OGRE_DIR to: '/opt/ros/jazzy/share/rviz_ogre_vendor/cmake/../../../opt/rviz_ogre_vendor/lib/OGRE/cmake'
[1.843s] -- Found OGRE
[1.843s] --   static     : OFF
[1.843s] --   components : MeshLodGenerator;Overlay;Paging;Property;RTShaderSystem;Terrain;Volume
[1.843s] --   plugins    : Plugin_BSPSceneManager;Plugin_OctreeSceneManager;Plugin_PCZSceneManager;Plugin_ParticleFX;RenderSystem_GL;RenderSystem_GL3Plus;Codec_STBI
[1.843s] --   media      : /opt/ros/jazzy/opt/rviz_ogre_vendor/share/OGRE/Media
[1.843s] -- OGRE_LIBRARIES: OgreMeshLodGenerator;OgreOverlay;OgrePaging;OgreProperty;OgreRTShaderSystem;OgreTerrain;OgreVolume;OgreMain
[1.844s] -- OGRE_LIBRARY_DIRS: /opt/ros/jazzy/opt/rviz_ogre_vendor/lib
[1.844s] -- OGRE_PLUGINS: Plugin_BSPSceneManager;Plugin_OctreeSceneManager;Plugin_PCZSceneManager;Plugin_ParticleFX;RenderSystem_GL;RenderSystem_GL3Plus;Codec_STBI
[1.844s] -- OGRE_PLUGIN_DIR: /opt/ros/jazzy/opt/rviz_ogre_vendor/lib/OGRE
[1.844s] -- rviz_ogre_vendor::OgreOverlay for IMPORTED_LOCATION_RELEASE: /opt/ros/jazzy/opt/rviz_ogre_vendor/lib/libOgreOverlay.so
[1.844s] -- rviz_ogre_vendor::OgreOverlay for IMPORTED_LOCATION_DEBUG: /opt/ros/jazzy/opt/rviz_ogre_vendor/lib/libOgreOverlay.so
[1.844s] -- rviz_ogre_vendor::OgreMain for IMPORTED_LOCATION_RELEASE: /opt/ros/jazzy/opt/rviz_ogre_vendor/lib/libOgreMain.so
[1.844s] -- rviz_ogre_vendor::OgreMain for IMPORTED_LOCATION_DEBUG: /opt/ros/jazzy/opt/rviz_ogre_vendor/lib/libOgreMain.so
[1.884s] -- Found ZLIB: /usr/lib/x86_64-linux-gnu/libz.so (found version "1.3")  
[1.899s] -- Found OpenGL: /usr/lib/x86_64-linux-gnu/libOpenGL.so   
[2.168s] -- Found X11: /usr/include   
[2.168s] -- Looking for XOpenDisplay in /usr/lib/x86_64-linux-gnu/libX11.so;/usr/lib/x86_64-linux-gnu/libXext.so
[2.285s] -- Looking for XOpenDisplay in /usr/lib/x86_64-linux-gnu/libX11.so;/usr/lib/x86_64-linux-gnu/libXext.so - found
[2.285s] -- Looking for gethostbyname
[2.403s] -- Looking for gethostbyname - found
[2.403s] -- Looking for connect
[2.511s] -- Looking for connect - found
[2.511s] -- Looking for remove
[2.622s] -- Looking for remove - found
[2.622s] -- Looking for shmat
[2.735s] -- Looking for shmat - found
[2.735s] -- Looking for IceConnectionNumber in ICE
[2.848s] -- Looking for IceConnectionNumber in ICE - found
[2.869s] -- Setting yaml-cpp_DIR to: '/opt/ros/jazzy/share/yaml_cpp_vendor/cmake/../../../opt/yaml_cpp_vendor/share/cmake/yaml-cpp'
[3.059s] -- Found ament_lint_auto: 0.17.3 (/opt/ros/jazzy/share/ament_lint_auto/cmake)
[3.217s] -- Added test 'lint_cmake' to check CMake code style
[3.219s] -- Added test 'xmllint' to check XML markup files
[3.221s] -- Configuring done (3.2s)
[3.231s] -- Generating done (0.0s)
[3.235s] -- Build files have been written to: /home/duy/ros2_ws/build/my_robot_navigation
[3.258s] Invoked command in '/home/duy/ros2_ws/build/my_robot_navigation' returned '0': CMAKE_PREFIX_PATH=${CMAKE_PREFIX_PATH}:/home/duy/ros2_ws/install/odom_encoder:/opt/ros/jazzy DEBUGINFOD_URLS=https://debuginfod.ubuntu.com /usr/bin/cmake /home/duy/ros2_ws/src/my_robot_navigation -DCMAKE_INSTALL_PREFIX=/home/duy/ros2_ws/install/my_robot_navigation
[3.259s] Invoking command in '/home/duy/ros2_ws/build/my_robot_navigation': CMAKE_PREFIX_PATH=${CMAKE_PREFIX_PATH}:/home/duy/ros2_ws/install/odom_encoder:/opt/ros/jazzy DEBUGINFOD_URLS=https://debuginfod.ubuntu.com /usr/bin/cmake --build /home/duy/ros2_ws/build/my_robot_navigation -- -j16 -l16
[3.384s] Invoked command in '/home/duy/ros2_ws/build/my_robot_navigation' returned '0': CMAKE_PREFIX_PATH=${CMAKE_PREFIX_PATH}:/home/duy/ros2_ws/install/odom_encoder:/opt/ros/jazzy DEBUGINFOD_URLS=https://debuginfod.ubuntu.com /usr/bin/cmake --build /home/duy/ros2_ws/build/my_robot_navigation -- -j16 -l16
[3.389s] Invoking command in '/home/duy/ros2_ws/build/my_robot_navigation': CMAKE_PREFIX_PATH=${CMAKE_PREFIX_PATH}:/home/duy/ros2_ws/install/odom_encoder:/opt/ros/jazzy DEBUGINFOD_URLS=https://debuginfod.ubuntu.com /usr/bin/cmake --install /home/duy/ros2_ws/build/my_robot_navigation
[3.411s] -- Install configuration: ""
[3.412s] -- Installing: /home/duy/ros2_ws/install/my_robot_navigation/share/ament_index/resource_index/package_run_dependencies/my_robot_navigation
[3.412s] -- Installing: /home/duy/ros2_ws/install/my_robot_navigation/share/ament_index/resource_index/parent_prefix_path/my_robot_navigation
[3.413s] -- Installing: /home/duy/ros2_ws/install/my_robot_navigation/share/my_robot_navigation/environment/ament_prefix_path.sh
[3.413s] -- Installing: /home/duy/ros2_ws/install/my_robot_navigation/share/my_robot_navigation/environment/ament_prefix_path.dsv
[3.414s] -- Installing: /home/duy/ros2_ws/install/my_robot_navigation/share/my_robot_navigation/environment/path.sh
[3.415s] -- Installing: /home/duy/ros2_ws/install/my_robot_navigation/share/my_robot_navigation/environment/path.dsv
[3.415s] -- Installing: /home/duy/ros2_ws/install/my_robot_navigation/share/my_robot_navigation/local_setup.bash
[3.416s] -- Installing: /home/duy/ros2_ws/install/my_robot_navigation/share/my_robot_navigation/local_setup.sh
[3.416s] -- Installing: /home/duy/ros2_ws/install/my_robot_navigation/share/my_robot_navigation/local_setup.zsh
[3.417s] -- Installing: /home/duy/ros2_ws/install/my_robot_navigation/share/my_robot_navigation/local_setup.dsv
[3.417s] -- Installing: /home/duy/ros2_ws/install/my_robot_navigation/share/my_robot_navigation/package.dsv
[3.417s] -- Installing: /home/duy/ros2_ws/install/my_robot_navigation/share/ament_index/resource_index/packages/my_robot_navigation
[3.418s] -- Installing: /home/duy/ros2_ws/install/my_robot_navigation/share/my_robot_navigation/cmake/my_robot_navigationConfig.cmake
[3.418s] -- Installing: /home/duy/ros2_ws/install/my_robot_navigation/share/my_robot_navigation/cmake/my_robot_navigationConfig-version.cmake
[3.419s] -- Installing: /home/duy/ros2_ws/install/my_robot_navigation/share/my_robot_navigation/package.xml
[3.423s] Invoked command in '/home/duy/ros2_ws/build/my_robot_navigation' returned '0': CMAKE_PREFIX_PATH=${CMAKE_PREFIX_PATH}:/home/duy/ros2_ws/install/odom_encoder:/opt/ros/jazzy DEBUGINFOD_URLS=https://debuginfod.ubuntu.com /usr/bin/cmake --install /home/duy/ros2_ws/build/my_robot_navigation
