[0.044s] Invoking command in '/home/duy/ros2_ws/build/imu_filter_madgwick': CMAKE_PREFIX_PATH=${CMAKE_PREFIX_PATH}:/home/duy/ros2_ws/install/odom_encoder:/opt/ros/jazzy DEBUGINFOD_URLS=https://debuginfod.ubuntu.com /usr/bin/cmake --build /home/duy/ros2_ws/build/imu_filter_madgwick -- -j16 -l16
[0.293s] [ 28%] Built target gtest_main
[0.294s] [ 28%] Built target gtest
[0.294s] [ 57%] Built target imu_filter_madgwick
[0.294s] [ 85%] Built target madgwick_test
[0.294s] [ 85%] Built target stateless_orientation_test
[0.294s] [100%] Built target imu_filter_madgwick_node
[0.309s] Invoked command in '/home/duy/ros2_ws/build/imu_filter_madgwick' returned '0': CMAKE_PREFIX_PATH=${CMAKE_PREFIX_PATH}:/home/duy/ros2_ws/install/odom_encoder:/opt/ros/jazzy DEBUGINFOD_URLS=https://debuginfod.ubuntu.com /usr/bin/cmake --build /home/duy/ros2_ws/build/imu_filter_madgwick -- -j16 -l16
[0.310s] Invoking command in '/home/duy/ros2_ws/build/imu_filter_madgwick': CMAKE_PREFIX_PATH=${CMAKE_PREFIX_PATH}:/home/duy/ros2_ws/install/odom_encoder:/opt/ros/jazzy DEBUGINFOD_URLS=https://debuginfod.ubuntu.com /usr/bin/cmake --install /home/duy/ros2_ws/build/imu_filter_madgwick
[0.326s] -- Install configuration: ""
[0.326s] -- Up-to-date: /home/duy/ros2_ws/install/imu_filter_madgwick/lib/libimu_filter_madgwick.so
[0.328s] -- Up-to-date: /home/duy/ros2_ws/install/imu_filter_madgwick/include
[0.329s] -- Up-to-date: /home/duy/ros2_ws/install/imu_filter_madgwick/include/imu_filter_madgwick
[0.329s] -- Up-to-date: /home/duy/ros2_ws/install/imu_filter_madgwick/include/imu_filter_madgwick/visibility_control.h
[0.329s] -- Up-to-date: /home/duy/ros2_ws/install/imu_filter_madgwick/include/imu_filter_madgwick/world_frame.h
[0.329s] -- Up-to-date: /home/duy/ros2_ws/install/imu_filter_madgwick/include/imu_filter_madgwick/base_node.hpp
[0.329s] -- Up-to-date: /home/duy/ros2_ws/install/imu_filter_madgwick/include/imu_filter_madgwick/stateless_orientation.h
[0.329s] -- Up-to-date: /home/duy/ros2_ws/install/imu_filter_madgwick/include/imu_filter_madgwick/imu_filter_ros.h
[0.329s] -- Up-to-date: /home/duy/ros2_ws/install/imu_filter_madgwick/include/imu_filter_madgwick/imu_filter.h
[0.329s] -- Up-to-date: /home/duy/ros2_ws/install/imu_filter_madgwick/lib/imu_filter_madgwick/imu_filter_madgwick_node
[0.329s] -- Up-to-date: /home/duy/ros2_ws/install/imu_filter_madgwick/share/imu_filter_madgwick/launch
[0.329s] -- Up-to-date: /home/duy/ros2_ws/install/imu_filter_madgwick/share/imu_filter_madgwick/launch/imu_filter_component.launch.py
[0.329s] -- Up-to-date: /home/duy/ros2_ws/install/imu_filter_madgwick/share/imu_filter_madgwick/launch/imu_filter.launch.py
[0.330s] -- Up-to-date: /home/duy/ros2_ws/install/imu_filter_madgwick/share/imu_filter_madgwick/config
[0.330s] -- Up-to-date: /home/duy/ros2_ws/install/imu_filter_madgwick/share/imu_filter_madgwick/config/imu_filter.yaml
[0.330s] -- Up-to-date: /home/duy/ros2_ws/install/imu_filter_madgwick/share/imu_filter_madgwick/environment/library_path.sh
[0.330s] -- Up-to-date: /home/duy/ros2_ws/install/imu_filter_madgwick/share/imu_filter_madgwick/environment/library_path.dsv
[0.330s] -- Up-to-date: /home/duy/ros2_ws/install/imu_filter_madgwick/share/ament_index/resource_index/package_run_dependencies/imu_filter_madgwick
[0.330s] -- Up-to-date: /home/duy/ros2_ws/install/imu_filter_madgwick/share/ament_index/resource_index/parent_prefix_path/imu_filter_madgwick
[0.330s] -- Up-to-date: /home/duy/ros2_ws/install/imu_filter_madgwick/share/imu_filter_madgwick/environment/ament_prefix_path.sh
[0.330s] -- Up-to-date: /home/duy/ros2_ws/install/imu_filter_madgwick/share/imu_filter_madgwick/environment/ament_prefix_path.dsv
[0.330s] -- Up-to-date: /home/duy/ros2_ws/install/imu_filter_madgwick/share/imu_filter_madgwick/environment/path.sh
[0.330s] -- Up-to-date: /home/duy/ros2_ws/install/imu_filter_madgwick/share/imu_filter_madgwick/environment/path.dsv
[0.330s] -- Up-to-date: /home/duy/ros2_ws/install/imu_filter_madgwick/share/imu_filter_madgwick/local_setup.bash
[0.330s] -- Up-to-date: /home/duy/ros2_ws/install/imu_filter_madgwick/share/imu_filter_madgwick/local_setup.sh
[0.331s] -- Up-to-date: /home/duy/ros2_ws/install/imu_filter_madgwick/share/imu_filter_madgwick/local_setup.zsh
[0.331s] -- Up-to-date: /home/duy/ros2_ws/install/imu_filter_madgwick/share/imu_filter_madgwick/local_setup.dsv
[0.331s] -- Installing: /home/duy/ros2_ws/install/imu_filter_madgwick/share/imu_filter_madgwick/package.dsv
[0.331s] -- Up-to-date: /home/duy/ros2_ws/install/imu_filter_madgwick/share/ament_index/resource_index/packages/imu_filter_madgwick
[0.331s] -- Up-to-date: /home/duy/ros2_ws/install/imu_filter_madgwick/share/ament_index/resource_index/rclcpp_components/imu_filter_madgwick
[0.331s] -- Up-to-date: /home/duy/ros2_ws/install/imu_filter_madgwick/share/imu_filter_madgwick/cmake/export_imu_filter_madgwickExport.cmake
[0.331s] -- Up-to-date: /home/duy/ros2_ws/install/imu_filter_madgwick/share/imu_filter_madgwick/cmake/export_imu_filter_madgwickExport-noconfig.cmake
[0.331s] -- Up-to-date: /home/duy/ros2_ws/install/imu_filter_madgwick/share/imu_filter_madgwick/cmake/ament_cmake_export_include_directories-extras.cmake
[0.331s] -- Up-to-date: /home/duy/ros2_ws/install/imu_filter_madgwick/share/imu_filter_madgwick/cmake/ament_cmake_export_libraries-extras.cmake
[0.331s] -- Up-to-date: /home/duy/ros2_ws/install/imu_filter_madgwick/share/imu_filter_madgwick/cmake/ament_cmake_export_targets-extras.cmake
[0.331s] -- Up-to-date: /home/duy/ros2_ws/install/imu_filter_madgwick/share/imu_filter_madgwick/cmake/imu_filter_madgwickConfig.cmake
[0.331s] -- Up-to-date: /home/duy/ros2_ws/install/imu_filter_madgwick/share/imu_filter_madgwick/cmake/imu_filter_madgwickConfig-version.cmake
[0.332s] -- Up-to-date: /home/duy/ros2_ws/install/imu_filter_madgwick/share/imu_filter_madgwick/package.xml
[0.374s] Invoked command in '/home/duy/ros2_ws/build/imu_filter_madgwick' returned '0': CMAKE_PREFIX_PATH=${CMAKE_PREFIX_PATH}:/home/duy/ros2_ws/install/odom_encoder:/opt/ros/jazzy DEBUGINFOD_URLS=https://debuginfod.ubuntu.com /usr/bin/cmake --install /home/duy/ros2_ws/build/imu_filter_madgwick
