[0.747s] Invoking command in '/home/duy/ros2_ws/src/odom_encoder': DEBUGINFOD_URLS=https://debuginfod.ubuntu.com PYTHONPATH=/home/duy/ros2_ws/build/odom_encoder/prefix_override:/usr/lib/python3/dist-packages/colcon_core/task/python/colcon_distutils_commands:/home/duy/ros2_ws/install/odom_encoder/lib/python3.12/site-packages:${PYTHONPATH} /usr/bin/python3 -W ignore:setup.py install is deprecated -W ignore:easy_install command is deprecated setup.py egg_info --egg-base ../../build/odom_encoder build --build-base /home/duy/ros2_ws/build/odom_encoder/build install --record /home/duy/ros2_ws/build/odom_encoder/install.log --single-version-externally-managed install_data
[0.962s] running egg_info
[0.979s] writing ../../build/odom_encoder/odom_encoder.egg-info/PKG-INFO
[0.979s] writing dependency_links to ../../build/odom_encoder/odom_encoder.egg-info/dependency_links.txt
[0.979s] writing entry points to ../../build/odom_encoder/odom_encoder.egg-info/entry_points.txt
[0.979s] writing requirements to ../../build/odom_encoder/odom_encoder.egg-info/requires.txt
[0.980s] writing top-level names to ../../build/odom_encoder/odom_encoder.egg-info/top_level.txt
[1.013s] reading manifest file '../../build/odom_encoder/odom_encoder.egg-info/SOURCES.txt'
[1.014s] writing manifest file '../../build/odom_encoder/odom_encoder.egg-info/SOURCES.txt'
[1.014s] running build
[1.014s] running build_py
[1.014s] running install
[1.019s] running install_lib
[1.036s] running install_data
[1.036s] running install_egg_info
[1.053s] removing '/home/duy/ros2_ws/install/odom_encoder/lib/python3.12/site-packages/odom_encoder-0.0.0-py3.12.egg-info' (and everything under it)
[1.053s] Copying ../../build/odom_encoder/odom_encoder.egg-info to /home/duy/ros2_ws/install/odom_encoder/lib/python3.12/site-packages/odom_encoder-0.0.0-py3.12.egg-info
[1.054s] running install_scripts
[1.167s] Installing fake_imu_node script to /home/duy/ros2_ws/install/odom_encoder/lib/odom_encoder
[1.167s] Installing fake_vel_node script to /home/duy/ros2_ws/install/odom_encoder/lib/odom_encoder
[1.167s] Installing imu_node script to /home/duy/ros2_ws/install/odom_encoder/lib/odom_encoder
[1.167s] Installing odom_node script to /home/duy/ros2_ws/install/odom_encoder/lib/odom_encoder
[1.167s] writing list of installed files to '/home/duy/ros2_ws/build/odom_encoder/install.log'
[1.194s] Invoked command in '/home/duy/ros2_ws/src/odom_encoder' returned '0': DEBUGINFOD_URLS=https://debuginfod.ubuntu.com PYTHONPATH=/home/duy/ros2_ws/build/odom_encoder/prefix_override:/usr/lib/python3/dist-packages/colcon_core/task/python/colcon_distutils_commands:/home/duy/ros2_ws/install/odom_encoder/lib/python3.12/site-packages:${PYTHONPATH} /usr/bin/python3 -W ignore:setup.py install is deprecated -W ignore:easy_install command is deprecated setup.py egg_info --egg-base ../../build/odom_encoder build --build-base /home/duy/ros2_ws/build/odom_encoder/build install --record /home/duy/ros2_ws/build/odom_encoder/install.log --single-version-externally-managed install_data
